[06Aug2025 00:01:07.507] [Server thread/INFO] [net.minecraft.server.MinecraftServer/]: [Not Secure] <JesperOwo> oe habia una aldea cerca
[06Aug2025 00:01:09.214] [Server thread/INFO] [net.minecraft.server.MinecraftServer/]: [Not Secure] <JesperOwo> xdd
[06Aug2025 00:04:31.457] [Server thread/INFO] [net.minecraft.server.MinecraftServer/]: [JesperOwo: Set own game mode to Creative Mode]
[06Aug2025 00:04:41.891] [Server thread/INFO] [net.minecraft.server.MinecraftServer/]: [JesperOwo: Set own game mode to Survival Mode]
[06Aug2025 00:08:23.007] [Server thread/INFO] [net.minecraft.server.MinecraftServer/]: [Not Secure] <JesperOwo> se habrio el portal a mi ano
[06Aug2025 00:08:25.711] [Server thread/INFO] [net.minecraft.server.MinecraftServer/]: [Not Secure] <JesperOwo> que rico
[06Aug2025 00:08:27.294] [Server thread/INFO] [net.minecraft.server.MinecraftServer/]: [JesperOwo: Set own game mode to Creative Mode]
[06Aug2025 00:08:33.844] [Server thread/INFO] [net.minecraft.server.MinecraftServer/]: assdestroyer has made the advancement [Music register]
[06Aug2025 00:08:36.337] [Server thread/INFO] [net.minecraft.server.MinecraftServer/]: [JesperOwo: Set own game mode to Survival Mode]
[06Aug2025 00:08:44.352] [Server thread/INFO] [net.minecraft.server.MinecraftServer/]: [Not Secure] <assdestroyer> ala
[06Aug2025 00:08:53.232] [Server thread/WARN] [net.minecraft.server.MinecraftServer/]: Can't keep up! Is the server overloaded? Running 2659ms or 53 ticks behind
[06Aug2025 00:09:01.814] [Server thread/INFO] [net.minecraft.server.MinecraftServer/]: assdestroyer has made the advancement [Writing...]
[06Aug2025 00:10:33.197] [Server thread/INFO] [net.minecraft.server.MinecraftServer/]: JesperOwo has made the advancement [DJ! DJ!]
[06Aug2025 00:10:33.198] [Server thread/INFO] [net.minecraft.server.MinecraftServer/]: assdestroyer has made the advancement [DJ! DJ!]
[06Aug2025 00:10:36.246] [Server thread/INFO] [net.minecraft.server.MinecraftServer/]: [Not Secure] <JesperOwo> xddd
[06Aug2025 00:11:00.010] [Server thread/INFO] [net.minecraft.server.MinecraftServer/]: [Not Secure] <assdestroyer> asi si chambeo riki
[06Aug2025 00:11:14.707] [Server thread/INFO] [net.minecraft.server.MinecraftServer/]: [Not Secure] <JesperOwo> la cagada no va en la tasa
[06Aug2025 00:11:26.270] [Server thread/INFO] [net.minecraft.server.MinecraftServer/]: [Not Secure] <JesperOwo> las gordas para mi sisi
[06Aug2025 00:12:05.956] [Server thread/INFO] [net.minecraft.server.MinecraftServer/]: [Not Secure] <JesperOwo> oe voy a ir al twilight forest
[06Aug2025 00:12:12.113] [Server thread/INFO] [net.minecraft.server.MinecraftServer/]: [Not Secure] <assdestroyer> yaya
[06Aug2025 00:12:14.595] [Server thread/INFO] [net.minecraft.server.MinecraftServer/]: [Not Secure] <JesperOwo> o vamos a la del warden que es mas corta
[06Aug2025 00:12:29.614] [Server thread/INFO] [net.minecraft.server.MinecraftServer/]: [Not Secure] <assdestroyer> wa hacer mi granja de hiero
[06Aug2025 00:12:36.094] [Server thread/INFO] [net.minecraft.server.MinecraftServer/]: [Not Secure] <JesperOwo> xdd
[06Aug2025 00:12:37.648] [Server thread/INFO] [net.minecraft.server.MinecraftServer/]: [Not Secure] <JesperOwo> vava
[06Aug2025 00:14:41.191] [Server thread/INFO] [net.minecraft.server.MinecraftServer/]: [JesperOwo: Set own game mode to Spectator Mode]
[06Aug2025 00:14:48.067] [Server thread/INFO] [net.minecraft.server.MinecraftServer/]: [JesperOwo: Teleported JesperOwo to -2863.500000, 63.809487, 2928.500000]
[06Aug2025 00:14:48.067] [Server thread/WARN] [net.minecraft.server.MinecraftServer/]: Can't keep up! Is the server overloaded? Running 4495ms or 89 ticks behind
[06Aug2025 00:15:16.199] [Server thread/INFO] [net.minecraft.server.MinecraftServer/]: JesperOwo has reached the goal [A Metropolis of Restless Souls]
[06Aug2025 00:15:38.725] [Server thread/INFO] [net.minecraft.server.MinecraftServer/]: [Not Secure] <JesperOwo> oe la ciudad del warden ta hundida en lava xddd
[06Aug2025 00:16:39.544] [Server thread/WARN] [net.minecraft.server.MinecraftServer/]: Can't keep up! Is the server overloaded? Running 4971ms or 99 ticks behind
[06Aug2025 00:17:17.587] [Server thread/WARN] [net.minecraft.server.MinecraftServer/]: Can't keep up! Is the server overloaded? Running 20364ms or 407 ticks behind
[06Aug2025 00:17:17.649] [Server thread/WARN] [net.minecraft.server.network.ServerGamePacketListenerImpl/]: JesperOwo moved too quickly! -9.809691148919228,0.0,2.633545564750989
[06Aug2025 00:18:06.354] [Server thread/INFO] [net.minecraft.server.MinecraftServer/]: [JesperOwo: Teleported JesperOwo to -3695.500000, 71.863439, -3663.500000]
[06Aug2025 00:18:06.355] [Server thread/WARN] [net.minecraft.server.MinecraftServer/]: Can't keep up! Is the server overloaded? Running 4882ms or 97 ticks behind
[06Aug2025 00:18:06.872] [Worker-Main-22/ERROR] [net.minecraft.Util/]: Detected setBlock in a far chunk [-230, -229], pos: BlockPos{x=-3674, y=27, z=-3664}, status: minecraft:features, currently generating: ResourceKey[minecraft:worldgen/placed_feature / minecraft:large_dripstone]
[06Aug2025 00:18:06.873] [Worker-Main-22/ERROR] [net.minecraft.Util/]: Detected setBlock in a far chunk [-230, -229], pos: BlockPos{x=-3673, y=27, z=-3664}, status: minecraft:features, currently generating: ResourceKey[minecraft:worldgen/placed_feature / minecraft:large_dripstone]
[06Aug2025 00:18:06.873] [Worker-Main-22/ERROR] [net.minecraft.Util/]: Detected setBlock in a far chunk [-230, -229], pos: BlockPos{x=-3672, y=27, z=-3664}, status: minecraft:features, currently generating: ResourceKey[minecraft:worldgen/placed_feature / minecraft:large_dripstone]
[06Aug2025 00:18:47.465] [Server thread/INFO] [net.minecraft.server.MinecraftServer/]: [JesperOwo: Set own game mode to Creative Mode]
[06Aug2025 00:19:42.951] [Server thread/INFO] [net.minecraft.server.MinecraftServer/]: [JesperOwo: Set own game mode to Spectator Mode]
[06Aug2025 00:19:49.412] [Server thread/INFO] [net.minecraft.server.MinecraftServer/]: [JesperOwo: Set own game mode to Creative Mode]
[06Aug2025 00:20:41.391] [Server thread/INFO] [net.minecraft.server.MinecraftServer/]: JesperOwo has made the advancement [Sneak 100]
[06Aug2025 00:20:46.690] [Server thread/INFO] [net.minecraft.server.MinecraftServer/]: [JesperOwo: Set own game mode to Survival Mode]
[06Aug2025 00:20:52.142] [Server thread/INFO] [net.minecraft.server.MinecraftServer/]: [JesperOwo: Set own game mode to Creative Mode]
[06Aug2025 00:21:01.161] [Server thread/INFO] [net.minecraft.server.MinecraftServer/]: [JesperOwo: Set own game mode to Survival Mode]
[06Aug2025 00:23:22.740] [Server thread/INFO] [net.minecraft.server.MinecraftServer/]: [JesperOwo: Set own game mode to Spectator Mode]
[06Aug2025 00:23:26.072] [Server thread/INFO] [net.minecraft.server.MinecraftServer/]: [JesperOwo: Set own game mode to Survival Mode]
[06Aug2025 00:23:33.542] [Server thread/INFO] [net.minecraft.server.MinecraftServer/]: [JesperOwo: Set own game mode to Spectator Mode]
[06Aug2025 00:23:39.156] [Server thread/INFO] [net.minecraft.server.MinecraftServer/]: [JesperOwo: Set own game mode to Survival Mode]
[06Aug2025 00:24:17.144] [Server thread/INFO] [net.minecraft.server.MinecraftServer/]: JesperOwo has completed the challenge [Phantom Thief]
[06Aug2025 00:24:17.145] [Server thread/INFO] [net.minecraft.server.MinecraftServer/]: JesperOwo has completed the challenge [It Spreads]
[06Aug2025 00:26:44.858] [Worker-Main-56/WARN] [net.minecraft.world.level.levelgen.heightproviders.UniformHeight/]: Empty height range: [0 above bottom--8 absolute]
[06Aug2025 00:26:46.290] [Server thread/INFO] [net.minecraft.server.MinecraftServer/]: JesperOwo has made the advancement [Below the Bedrock]
[06Aug2025 00:26:46.292] [Server thread/WARN] [net.minecraft.server.MinecraftServer/]: Can't keep up! Is the server overloaded? Running 3519ms or 70 ticks behind
[06Aug2025 00:26:46.501] [Server thread/WARN] [net.minecraft.server.network.ServerGamePacketListenerImpl/]: JesperOwo moved too quickly! 0.5059811140345118,69.83389073906179,0.6556037508767076
[06Aug2025 00:27:01.089] [Worker-Main-2/ERROR] [net.minecraft.world.level.block.entity.SculkSensorBlockEntity/]: No key range in MapLike[{event_delay:0,selector:{tick:-1L}}]; No key source in MapLike[{event_delay:0,selector:{tick:-1L}}]
[06Aug2025 00:27:01.089] [Worker-Main-2/ERROR] [net.minecraft.world.level.block.entity.SculkSensorBlockEntity/]: No key range in MapLike[{event_delay:0,selector:{tick:-1L}}]; No key source in MapLike[{event_delay:0,selector:{tick:-1L}}]
[06Aug2025 00:27:01.089] [Worker-Main-2/ERROR] [net.minecraft.world.level.block.entity.SculkSensorBlockEntity/]: No key range in MapLike[{event_delay:0,selector:{tick:-1L}}]; No key source in MapLike[{event_delay:0,selector:{tick:-1L}}]
[06Aug2025 00:27:01.094] [Worker-Main-2/ERROR] [net.minecraft.world.level.block.entity.SculkSensorBlockEntity/]: No key range in MapLike[{event_delay:0,selector:{tick:-1L}}]; No key source in MapLike[{event_delay:0,selector:{tick:-1L}}]
[06Aug2025 00:27:01.095] [Worker-Main-2/ERROR] [net.minecraft.world.level.block.entity.SculkShriekerBlockEntity/]: No key range in MapLike[{event_delay:0,selector:{tick:-1L}}]; No key source in MapLike[{event_delay:0,selector:{tick:-1L}}]
[06Aug2025 00:27:01.095] [Worker-Main-2/ERROR] [net.minecraft.world.level.block.entity.SculkSensorBlockEntity/]: No key range in MapLike[{event_delay:0,selector:{tick:-1L}}]; No key source in MapLike[{event_delay:0,selector:{tick:-1L}}]
[06Aug2025 00:27:01.096] [Worker-Main-2/ERROR] [net.minecraft.world.level.block.entity.SculkSensorBlockEntity/]: No key range in MapLike[{event_delay:0,selector:{tick:-1L}}]; No key source in MapLike[{event_delay:0,selector:{tick:-1L}}]
[06Aug2025 00:27:01.097] [Worker-Main-2/ERROR] [net.minecraft.world.level.block.entity.SculkSensorBlockEntity/]: No key range in MapLike[{event_delay:0,selector:{tick:-1L}}]; No key source in MapLike[{event_delay:0,selector:{tick:-1L}}]
[06Aug2025 00:27:03.065] [Worker-Main-1/ERROR] [net.minecraft.world.level.block.entity.SculkSensorBlockEntity/]: No key range in MapLike[{event_delay:0,selector:{tick:-1L}}]; No key source in MapLike[{event_delay:0,selector:{tick:-1L}}]
[06Aug2025 00:27:03.068] [Worker-Main-1/ERROR] [net.minecraft.world.level.block.entity.SculkSensorBlockEntity/]: No key range in MapLike[{event_delay:0,selector:{tick:-1L}}]; No key source in MapLike[{event_delay:0,selector:{tick:-1L}}]
[06Aug2025 00:27:03.071] [Worker-Main-1/ERROR] [net.minecraft.world.level.block.entity.SculkSensorBlockEntity/]: No key range in MapLike[{event_delay:0,selector:{tick:-1L}}]; No key source in MapLike[{event_delay:0,selector:{tick:-1L}}]
[06Aug2025 00:27:03.071] [Worker-Main-1/ERROR] [net.minecraft.world.level.block.entity.SculkShriekerBlockEntity/]: No key range in MapLike[{event_delay:0,selector:{tick:-1L}}]; No key source in MapLike[{event_delay:0,selector:{tick:-1L}}]
[06Aug2025 00:27:03.072] [Worker-Main-1/ERROR] [net.minecraft.world.level.block.entity.SculkSensorBlockEntity/]: No key range in MapLike[{event_delay:0,selector:{tick:-1L}}]; No key source in MapLike[{event_delay:0,selector:{tick:-1L}}]
[06Aug2025 00:27:03.809] [Worker-Main-22/ERROR] [net.minecraft.world.level.block.entity.SculkSensorBlockEntity/]: No key range in MapLike[{event_delay:0,selector:{tick:-1L}}]; No key source in MapLike[{event_delay:0,selector:{tick:-1L}}]
[06Aug2025 00:27:03.813] [Worker-Main-22/ERROR] [net.minecraft.world.level.block.entity.SculkShriekerBlockEntity/]: No key range in MapLike[{event_delay:0,selector:{tick:-1L}}]; No key source in MapLike[{event_delay:0,selector:{tick:-1L}}]
[06Aug2025 00:27:03.813] [Worker-Main-22/ERROR] [net.minecraft.world.level.block.entity.SculkSensorBlockEntity/]: No key range in MapLike[{event_delay:0,selector:{tick:-1L}}]; No key source in MapLike[{event_delay:0,selector:{tick:-1L}}]
[06Aug2025 00:27:08.920] [Worker-Main-22/ERROR] [net.minecraft.world.level.block.entity.SculkShriekerBlockEntity/]: No key range in MapLike[{event_delay:0,selector:{tick:-1L}}]; No key source in MapLike[{event_delay:0,selector:{tick:-1L}}]
[06Aug2025 00:27:08.922] [Worker-Main-22/ERROR] [net.minecraft.world.level.block.entity.SculkSensorBlockEntity/]: No key range in MapLike[{event_delay:0,selector:{tick:-1L}}]; No key source in MapLike[{event_delay:0,selector:{tick:-1L}}]
[06Aug2025 00:27:08.923] [Worker-Main-22/ERROR] [net.minecraft.world.level.block.entity.SculkSensorBlockEntity/]: No key range in MapLike[{event_delay:0,selector:{tick:-1L}}]; No key source in MapLike[{event_delay:0,selector:{tick:-1L}}]
[06Aug2025 00:27:08.923] [Worker-Main-22/ERROR] [net.minecraft.world.level.block.entity.SculkSensorBlockEntity/]: No key range in MapLike[{event_delay:0,selector:{tick:-1L}}]; No key source in MapLike[{event_delay:0,selector:{tick:-1L}}]
[06Aug2025 00:27:08.923] [Worker-Main-22/ERROR] [net.minecraft.world.level.block.entity.SculkShriekerBlockEntity/]: No key range in MapLike[{event_delay:0,selector:{tick:-1L}}]; No key source in MapLike[{event_delay:0,selector:{tick:-1L}}]
[06Aug2025 00:27:08.926] [Worker-Main-22/ERROR] [net.minecraft.world.level.block.entity.SculkShriekerBlockEntity/]: No key range in MapLike[{event_delay:0,selector:{tick:-1L}}]; No key source in MapLike[{event_delay:0,selector:{tick:-1L}}]
[06Aug2025 00:27:08.931] [Worker-Main-1/ERROR] [net.minecraft.world.level.block.entity.SculkSensorBlockEntity/]: No key range in MapLike[{event_delay:0,selector:{tick:-1L}}]; No key source in MapLike[{event_delay:0,selector:{tick:-1L}}]
[06Aug2025 00:27:08.932] [Worker-Main-1/ERROR] [net.minecraft.world.level.block.entity.SculkSensorBlockEntity/]: No key range in MapLike[{event_delay:0,selector:{tick:-1L}}]; No key source in MapLike[{event_delay:0,selector:{tick:-1L}}]
[06Aug2025 00:27:08.932] [Worker-Main-1/ERROR] [net.minecraft.world.level.block.entity.SculkSensorBlockEntity/]: No key range in MapLike[{event_delay:0,selector:{tick:-1L}}]; No key source in MapLike[{event_delay:0,selector:{tick:-1L}}]
[06Aug2025 00:27:08.932] [Worker-Main-1/ERROR] [net.minecraft.world.level.block.entity.SculkSensorBlockEntity/]: No key range in MapLike[{event_delay:0,selector:{tick:-1L}}]; No key source in MapLike[{event_delay:0,selector:{tick:-1L}}]
[06Aug2025 00:27:08.933] [Worker-Main-1/ERROR] [net.minecraft.world.level.block.entity.SculkSensorBlockEntity/]: No key range in MapLike[{event_delay:0,selector:{tick:-1L}}]; No key source in MapLike[{event_delay:0,selector:{tick:-1L}}]
[06Aug2025 00:27:08.933] [Worker-Main-1/ERROR] [net.minecraft.world.level.block.entity.SculkSensorBlockEntity/]: No key range in MapLike[{event_delay:0,selector:{tick:-1L}}]; No key source in MapLike[{event_delay:0,selector:{tick:-1L}}]
[06Aug2025 00:27:08.933] [Worker-Main-1/ERROR] [net.minecraft.world.level.block.entity.SculkSensorBlockEntity/]: No key range in MapLike[{event_delay:0,selector:{tick:-1L}}]; No key source in MapLike[{event_delay:0,selector:{tick:-1L}}]
[06Aug2025 00:27:08.937] [Worker-Main-1/ERROR] [net.minecraft.world.level.block.entity.SculkSensorBlockEntity/]: No key range in MapLike[{event_delay:0,selector:{tick:-1L}}]; No key source in MapLike[{event_delay:0,selector:{tick:-1L}}]
[06Aug2025 00:27:08.937] [Worker-Main-1/ERROR] [net.minecraft.world.level.block.entity.SculkShriekerBlockEntity/]: No key range in MapLike[{event_delay:0,selector:{tick:-1L}}]; No key source in MapLike[{event_delay:0,selector:{tick:-1L}}]
[06Aug2025 00:27:08.937] [Worker-Main-1/ERROR] [net.minecraft.world.level.block.entity.SculkSensorBlockEntity/]: No key range in MapLike[{event_delay:0,selector:{tick:-1L}}]; No key source in MapLike[{event_delay:0,selector:{tick:-1L}}]
[06Aug2025 00:27:11.998] [Worker-Main-2/ERROR] [net.minecraft.world.level.block.entity.SculkShriekerBlockEntity/]: No key range in MapLike[{event_delay:0,selector:{tick:-1L}}]; No key source in MapLike[{event_delay:0,selector:{tick:-1L}}]
[06Aug2025 00:27:12.006] [Worker-Main-22/ERROR] [net.minecraft.world.level.block.entity.SculkSensorBlockEntity/]: No key range in MapLike[{event_delay:0,selector:{tick:-1L}}]; No key source in MapLike[{event_delay:0,selector:{tick:-1L}}]
[06Aug2025 00:27:55.138] [Server thread/INFO] [net.minecraft.server.MinecraftServer/]: [JesperOwo: Set own game mode to Spectator Mode]
[06Aug2025 00:28:04.901] [Server thread/INFO] [net.minecraft.server.MinecraftServer/]: [JesperOwo: Set own game mode to Survival Mode]
[06Aug2025 00:28:14.603] [Server thread/INFO] [net.minecraft.server.MinecraftServer/]: [JesperOwo: Set own game mode to Creative Mode]
[06Aug2025 00:28:25.469] [Worker-Main-2/ERROR] [net.minecraft.world.level.block.entity.SculkSensorBlockEntity/]: No key range in MapLike[{event_delay:0,selector:{tick:-1L}}]; No key source in MapLike[{event_delay:0,selector:{tick:-1L}}]
[06Aug2025 00:28:25.472] [Worker-Main-2/ERROR] [net.minecraft.world.level.block.entity.SculkSensorBlockEntity/]: No key range in MapLike[{event_delay:0,selector:{tick:-1L}}]; No key source in MapLike[{event_delay:0,selector:{tick:-1L}}]
[06Aug2025 00:28:25.472] [Worker-Main-2/ERROR] [net.minecraft.world.level.block.entity.SculkShriekerBlockEntity/]: No key range in MapLike[{event_delay:0,selector:{tick:-1L}}]; No key source in MapLike[{event_delay:0,selector:{tick:-1L}}]
[06Aug2025 00:28:25.473] [Worker-Main-2/ERROR] [net.minecraft.world.level.block.entity.SculkShriekerBlockEntity/]: No key range in MapLike[{event_delay:0,selector:{tick:-1L}}]; No key source in MapLike[{event_delay:0,selector:{tick:-1L}}]
[06Aug2025 00:28:25.474] [Worker-Main-2/ERROR] [net.minecraft.world.level.block.entity.SculkSensorBlockEntity/]: No key range in MapLike[{event_delay:0,selector:{tick:-1L}}]; No key source in MapLike[{event_delay:0,selector:{tick:-1L}}]
[06Aug2025 00:28:38.886] [Server thread/INFO] [net.minecraft.server.MinecraftServer/]: [JesperOwo: Set own game mode to Survival Mode]
[06Aug2025 00:28:56.805] [Worker-Main-22/ERROR] [net.minecraft.world.level.block.entity.SculkSensorBlockEntity/]: No key range in MapLike[{event_delay:0,selector:{tick:-1L}}]; No key source in MapLike[{event_delay:0,selector:{tick:-1L}}]
[06Aug2025 00:28:56.921] [Worker-Main-56/ERROR] [net.minecraft.world.level.block.entity.SculkSensorBlockEntity/]: No key range in MapLike[{event_delay:0,selector:{tick:-1L}}]; No key source in MapLike[{event_delay:0,selector:{tick:-1L}}]
[06Aug2025 00:28:56.922] [Worker-Main-56/ERROR] [net.minecraft.world.level.block.entity.SculkSensorBlockEntity/]: No key range in MapLike[{event_delay:0,selector:{tick:-1L}}]; No key source in MapLike[{event_delay:0,selector:{tick:-1L}}]
[06Aug2025 00:28:56.922] [Worker-Main-56/ERROR] [net.minecraft.world.level.block.entity.SculkSensorBlockEntity/]: No key range in MapLike[{event_delay:0,selector:{tick:-1L}}]; No key source in MapLike[{event_delay:0,selector:{tick:-1L}}]
[06Aug2025 00:28:56.923] [Worker-Main-56/ERROR] [net.minecraft.world.level.block.entity.SculkSensorBlockEntity/]: No key range in MapLike[{event_delay:0,selector:{tick:-1L}}]; No key source in MapLike[{event_delay:0,selector:{tick:-1L}}]
[06Aug2025 00:28:56.923] [Worker-Main-56/ERROR] [net.minecraft.world.level.block.entity.SculkSensorBlockEntity/]: No key range in MapLike[{event_delay:0,selector:{tick:-1L}}]; No key source in MapLike[{event_delay:0,selector:{tick:-1L}}]
[06Aug2025 00:28:56.925] [Worker-Main-56/ERROR] [net.minecraft.world.level.block.entity.SculkSensorBlockEntity/]: No key range in MapLike[{event_delay:0,selector:{tick:-1L}}]; No key source in MapLike[{event_delay:0,selector:{tick:-1L}}]
[06Aug2025 00:28:56.927] [Worker-Main-56/ERROR] [net.minecraft.world.level.block.entity.SculkSensorBlockEntity/]: No key range in MapLike[{event_delay:0,selector:{tick:-1L}}]; No key source in MapLike[{event_delay:0,selector:{tick:-1L}}]
[06Aug2025 00:28:56.931] [Worker-Main-56/ERROR] [net.minecraft.world.level.block.entity.SculkSensorBlockEntity/]: No key range in MapLike[{event_delay:0,selector:{tick:-1L}}]; No key source in MapLike[{event_delay:0,selector:{tick:-1L}}]
[06Aug2025 00:28:56.931] [Worker-Main-56/ERROR] [net.minecraft.world.level.block.entity.SculkShriekerBlockEntity/]: No key range in MapLike[{event_delay:0,selector:{tick:-1L}}]; No key source in MapLike[{event_delay:0,selector:{tick:-1L}}]
[06Aug2025 00:28:56.932] [Worker-Main-56/ERROR] [net.minecraft.world.level.block.entity.SculkSensorBlockEntity/]: No key range in MapLike[{event_delay:0,selector:{tick:-1L}}]; No key source in MapLike[{event_delay:0,selector:{tick:-1L}}]
[06Aug2025 00:28:56.933] [Worker-Main-56/ERROR] [net.minecraft.world.level.block.entity.SculkShriekerBlockEntity/]: No key range in MapLike[{event_delay:0,selector:{tick:-1L}}]; No key source in MapLike[{event_delay:0,selector:{tick:-1L}}]
[06Aug2025 00:28:56.933] [Worker-Main-56/ERROR] [net.minecraft.world.level.block.entity.SculkSensorBlockEntity/]: No key range in MapLike[{event_delay:0,selector:{tick:-1L}}]; No key source in MapLike[{event_delay:0,selector:{tick:-1L}}]
[06Aug2025 00:29:59.139] [Server thread/INFO] [net.minecraft.server.MinecraftServer/]: JesperOwo has completed the challenge [Echolocation]
[06Aug2025 00:33:07.788] [Server thread/INFO] [net.minecraft.server.MinecraftServer/]: [JesperOwo: Set own game mode to Spectator Mode]
[06Aug2025 00:33:11.784] [Server thread/INFO] [net.minecraft.server.MinecraftServer/]: [JesperOwo: Set own game mode to Creative Mode]
[06Aug2025 00:33:16.688] [Server thread/INFO] [net.minecraft.server.MinecraftServer/]: [JesperOwo: Set own game mode to Survival Mode]
[06Aug2025 00:35:45.919] [Server thread/INFO] [net.minecraft.server.MinecraftServer/]: [JesperOwo: Set own game mode to Spectator Mode]
[06Aug2025 00:36:30.921] [Server thread/INFO] [net.minecraft.server.MinecraftServer/]: [JesperOwo: Set own game mode to Survival Mode]
[06Aug2025 00:37:07.766] [Server thread/INFO] [net.minecraft.server.MinecraftServer/]: [JesperOwo: Set own game mode to Spectator Mode]
[06Aug2025 00:37:11.671] [Server thread/INFO] [net.minecraft.server.MinecraftServer/]: [JesperOwo: Set own game mode to Survival Mode]
[06Aug2025 00:39:22.701] [Server thread/INFO] [net.minecraft.server.MinecraftServer/]: [JesperOwo: Set own game mode to Spectator Mode]
[06Aug2025 00:42:41.849] [Server thread/INFO] [net.minecraft.server.MinecraftServer/]: [JesperOwo: Set own game mode to Survival Mode]
[06Aug2025 00:42:44.114] [Server thread/INFO] [net.minecraft.server.MinecraftServer/]: [JesperOwo: Set own game mode to Creative Mode]
[06Aug2025 00:43:07.846] [Server thread/INFO] [net.minecraft.server.MinecraftServer/]: [JesperOwo: Set own game mode to Survival Mode]
[06Aug2025 00:43:20.957] [Server thread/WARN] [net.minecraft.server.network.ServerGamePacketListenerImpl/]: JesperOwo moved too quickly! 4.348966229105372,-65.79999995231628,-4.349015045309443
[06Aug2025 00:43:41.356] [Server thread/INFO] [net.minecraft.server.MinecraftServer/]: [JesperOwo: Teleported JesperOwo to assdestroyer]
[06Aug2025 00:43:45.112] [Server thread/INFO] [net.minecraft.server.MinecraftServer/]: [Not Secure] <JesperOwo> pequeña
[06Aug2025 00:43:48.761] [Server thread/INFO] [net.minecraft.server.MinecraftServer/]: [Not Secure] <JesperOwo> pasame tus elitras
[06Aug2025 00:43:53.389] [Server thread/INFO] [net.minecraft.server.MinecraftServer/]: [Not Secure] <JesperOwo> voy a mejorarlas
[06Aug2025 00:44:09.107] [Server thread/INFO] [net.minecraft.server.MinecraftServer/]: [Not Secure] <assdestroyer> reparalas p
[06Aug2025 00:44:17.993] [Server thread/INFO] [net.minecraft.server.MinecraftServer/]: [Not Secure] <JesperOwo> con el crafteo supongo que se reparan
[06Aug2025 00:45:05.007] [Server thread/INFO] [net.minecraft.server.MinecraftServer/]: [Not Secure] <JesperOwo> no se como se pone
[06Aug2025 00:45:06.562] [Server thread/INFO] [net.minecraft.server.MinecraftServer/]: [Not Secure] <JesperOwo> aguanta
[06Aug2025 00:45:09.600] [Server thread/INFO] [net.minecraft.server.MinecraftServer/]: [Not Secure] <assdestroyer> tmr
[06Aug2025 00:45:26.182] [Server thread/INFO] [net.minecraft.server.MinecraftServer/]: [Not Secure] <JesperOwo> pasamela la wa desarmar
[06Aug2025 00:45:30.303] [Server thread/INFO] [net.minecraft.server.MinecraftServer/]: [Not Secure] <JesperOwo> ya te paso los materiale
[06Aug2025 00:45:41.538] [Server thread/INFO] [net.minecraft.server.MinecraftServer/]: [Not Secure] <JesperOwo> dame un toque
[06Aug2025 00:47:29.087] [Server thread/INFO] [net.minecraft.server.MinecraftServer/]: [Not Secure] <JesperOwo> con eso la crafteas de vuelta
[06Aug2025 00:47:33.471] [Server thread/INFO] [net.minecraft.server.MinecraftServer/]: [Not Secure] <assdestroyer> ya
[06Aug2025 00:47:35.206] [Server thread/INFO] [net.minecraft.server.MinecraftServer/]: [Not Secure] <JesperOwo> no se porque no se pueden poner
[06Aug2025 00:48:02.347] [Server thread/INFO] [net.minecraft.server.MinecraftServer/]: [JesperOwo: Set own game mode to Creative Mode]
[06Aug2025 00:48:21.702] [Server thread/INFO] [net.minecraft.server.MinecraftServer/]: [JesperOwo: Set own game mode to Survival Mode]
[06Aug2025 00:48:22.081] [Server thread/INFO] [net.minecraft.server.MinecraftServer/]: assdestroyer has made the advancement [Hot Stuff]
[06Aug2025 00:49:35.947] [Server thread/INFO] [net.minecraft.server.MinecraftServer/]: [JesperOwo: Set own game mode to Creative Mode]
[06Aug2025 00:50:37.512] [Server thread/INFO] [net.minecraft.server.MinecraftServer/]: [JesperOwo: Set own game mode to Survival Mode]
[06Aug2025 00:52:34.928] [Server thread/INFO] [net.minecraft.server.MinecraftServer/]: JesperOwo has made the advancement [Acquire Hardware]
[06Aug2025 00:57:09.811] [Server thread/INFO] [net.minecraft.server.MinecraftServer/]: [Not Secure] <assdestroyer> oewa necesitar creativo
[06Aug2025 00:57:19.336] [Server thread/INFO] [net.minecraft.server.MinecraftServer/]: [Not Secure] <JesperOwo> pa que tilin
[06Aug2025 00:57:24.946] [Server thread/INFO] [net.minecraft.server.MinecraftServer/]: [Not Secure] <assdestroyer> pa construir mas rapido
